C:\Projects\GithubProfileSearch\GithubProfileSearch\Apps\GithubProfileSearch\src\app\components\app-component\app.component.spec.js
C:\Projects\GithubProfileSearch\GithubProfileSearch\Apps\GithubProfileSearch\src\app\components\app-component\app.component.js
C:\Projects\GithubProfileSearch\GithubProfileSearch\Apps\GithubProfileSearch\src\app\app.module.js
C:\Projects\GithubProfileSearch\GithubProfileSearch\Apps\GithubProfileSearch\src\app\components\search-profile-component\search-profile-component.component.spec.js
C:\Projects\GithubProfileSearch\GithubProfileSearch\Apps\GithubProfileSearch\src\app\components\search-profile-component\search-profile-component.component.js
C:\Projects\GithubProfileSearch\GithubProfileSearch\Apps\GithubProfileSearch\src\app\models\profile-search-response.js
C:\Projects\GithubProfileSearch\GithubProfileSearch\Apps\GithubProfileSearch\src\app\models\profile.js
C:\Projects\GithubProfileSearch\GithubProfileSearch\Apps\GithubProfileSearch\src\app\services\search-profile-service\search-profile-service.service.spec.js
C:\Projects\GithubProfileSearch\GithubProfileSearch\Apps\GithubProfileSearch\src\app\services\search-profile-service\search-profile-service.service.js
C:\Projects\GithubProfileSearch\GithubProfileSearch\Apps\GithubProfileSearch\src\environments\environment.prod.js
C:\Projects\GithubProfileSearch\GithubProfileSearch\Apps\GithubProfileSearch\src\environments\environment.js
C:\Projects\GithubProfileSearch\GithubProfileSearch\Apps\GithubProfileSearch\src\main.js
C:\Projects\GithubProfileSearch\GithubProfileSearch\Apps\GithubProfileSearch\src\polyfills.js
C:\Projects\GithubProfileSearch\GithubProfileSearch\Apps\GithubProfileSearch\src\test.js
C:\Projects\GithubProfileSearch\GithubProfileSearch\Apps\GithubProfileSearch\src\app\components\app-component\app.component.spec.js
C:\Projects\GithubProfileSearch\GithubProfileSearch\Apps\GithubProfileSearch\src\app\components\app-component\app.component.js
C:\Projects\GithubProfileSearch\GithubProfileSearch\Apps\GithubProfileSearch\src\app\app.module.js
C:\Projects\GithubProfileSearch\GithubProfileSearch\Apps\GithubProfileSearch\src\app\components\search-profile-component\search-profile-component.component.spec.js
C:\Projects\GithubProfileSearch\GithubProfileSearch\Apps\GithubProfileSearch\src\app\components\search-profile-component\search-profile-component.component.js
C:\Projects\GithubProfileSearch\GithubProfileSearch\Apps\GithubProfileSearch\src\app\models\profile-search-response.js
C:\Projects\GithubProfileSearch\GithubProfileSearch\Apps\GithubProfileSearch\src\app\models\profile.js
C:\Projects\GithubProfileSearch\GithubProfileSearch\Apps\GithubProfileSearch\src\app\services\search-profile-service\search-profile-service.service.spec.js
C:\Projects\GithubProfileSearch\GithubProfileSearch\Apps\GithubProfileSearch\src\app\services\search-profile-service\search-profile-service.service.js
C:\Projects\GithubProfileSearch\GithubProfileSearch\Apps\GithubProfileSearch\src\environments\environment.prod.js
C:\Projects\GithubProfileSearch\GithubProfileSearch\Apps\GithubProfileSearch\src\environments\environment.js
C:\Projects\GithubProfileSearch\GithubProfileSearch\Apps\GithubProfileSearch\src\main.js
C:\Projects\GithubProfileSearch\GithubProfileSearch\Apps\GithubProfileSearch\src\polyfills.js
C:\Projects\GithubProfileSearch\GithubProfileSearch\Apps\GithubProfileSearch\src\test.js
